2023-11-21T20:47:59.454+04:00  INFO 13664 --- [main] az.spring.notehub.NotehubApplication     : Starting NotehubApplication using Java 19.0.2 with PID 13664 (C:\Users\User\Desktop\notehub\target\classes started by User in C:\Users\User\Desktop\notehub)
2023-11-21T20:47:59.462+04:00  INFO 13664 --- [main] az.spring.notehub.NotehubApplication     : No active profile set, falling back to 1 default profile: "default"
2023-11-21T20:48:00.822+04:00  INFO 13664 --- [main] .s.d.r.c.RepositoryConfigurationDelegate : Bootstrapping Spring Data JPA repositories in DEFAULT mode.
2023-11-21T20:48:00.888+04:00  INFO 13664 --- [main] .s.d.r.c.RepositoryConfigurationDelegate : Finished Spring Data repository scanning in 59 ms. Found 5 JPA repository interfaces.
2023-11-21T20:48:01.412+04:00  INFO 13664 --- [main] o.s.b.w.embedded.tomcat.TomcatWebServer  : Tomcat initialized with port(s): 8090 (http)
2023-11-21T20:48:01.422+04:00  INFO 13664 --- [main] o.apache.catalina.core.StandardService   : Starting service [Tomcat]
2023-11-21T20:48:01.423+04:00  INFO 13664 --- [main] o.apache.catalina.core.StandardEngine    : Starting Servlet engine: [Apache Tomcat/10.1.1]
2023-11-21T20:48:01.523+04:00  INFO 13664 --- [main] o.a.c.c.C.[Tomcat].[localhost].[/]       : Initializing Spring embedded WebApplicationContext
2023-11-21T20:48:01.524+04:00  INFO 13664 --- [main] w.s.c.ServletWebServerApplicationContext : Root WebApplicationContext: initialization completed in 2008 ms
2023-11-21T20:48:02.061+04:00  INFO 13664 --- [main] com.zaxxer.hikari.HikariDataSource       : HikariPool-1 - Starting...
2023-11-21T20:48:02.396+04:00  INFO 13664 --- [main] com.zaxxer.hikari.pool.HikariPool        : HikariPool-1 - Added connection com.mysql.cj.jdbc.ConnectionImpl@ce655b9
2023-11-21T20:48:02.399+04:00  INFO 13664 --- [main] com.zaxxer.hikari.HikariDataSource       : HikariPool-1 - Start completed.
2023-11-21T20:48:02.467+04:00  INFO 13664 --- [main] SQL dialect                              : HHH000400: Using dialect: org.hibernate.dialect.MySQLDialect
2023-11-21T20:48:03.504+04:00  INFO 13664 --- [main] j.LocalContainerEntityManagerFactoryBean : Initialized JPA EntityManagerFactory for persistence unit 'default'
2023-11-21T20:48:03.959+04:00  WARN 13664 --- [main] JpaBaseConfiguration$JpaWebConfiguration : spring.jpa.open-in-view is enabled by default. Therefore, database queries may be performed during view rendering. Explicitly configure spring.jpa.open-in-view to disable this warning
2023-11-21T20:48:04.293+04:00  INFO 13664 --- [main] o.s.b.w.embedded.tomcat.TomcatWebServer  : Tomcat started on port(s): 8090 (http) with context path ''
2023-11-21T20:48:04.303+04:00  INFO 13664 --- [main] az.spring.notehub.NotehubApplication     : Started NotehubApplication in 5.367 seconds (process running for 7.014)
2023-11-21T20:48:12.305+04:00  INFO 13664 --- [SpringApplicationShutdownHook] j.LocalContainerEntityManagerFactoryBean : Closing JPA EntityManagerFactory for persistence unit 'default'
2023-11-21T20:48:12.309+04:00  INFO 13664 --- [SpringApplicationShutdownHook] com.zaxxer.hikari.HikariDataSource       : HikariPool-1 - Shutdown initiated...
2023-11-21T20:48:12.321+04:00  INFO 13664 --- [SpringApplicationShutdownHook] com.zaxxer.hikari.HikariDataSource       : HikariPool-1 - Shutdown completed.
2023-11-21T20:48:16.802+04:00  INFO 10392 --- [main] az.spring.notehub.NotehubApplication     : Starting NotehubApplication using Java 19.0.2 with PID 10392 (C:\Users\User\Desktop\notehub\target\classes started by User in C:\Users\User\Desktop\notehub)
2023-11-21T20:48:16.804+04:00  INFO 10392 --- [main] az.spring.notehub.NotehubApplication     : No active profile set, falling back to 1 default profile: "default"
2023-11-21T20:48:17.629+04:00  INFO 10392 --- [main] .s.d.r.c.RepositoryConfigurationDelegate : Bootstrapping Spring Data JPA repositories in DEFAULT mode.
2023-11-21T20:48:17.714+04:00  INFO 10392 --- [main] .s.d.r.c.RepositoryConfigurationDelegate : Finished Spring Data repository scanning in 79 ms. Found 5 JPA repository interfaces.
2023-11-21T20:48:18.266+04:00  INFO 10392 --- [main] o.s.b.w.embedded.tomcat.TomcatWebServer  : Tomcat initialized with port(s): 8090 (http)
2023-11-21T20:48:18.279+04:00  INFO 10392 --- [main] o.apache.catalina.core.StandardService   : Starting service [Tomcat]
2023-11-21T20:48:18.279+04:00  INFO 10392 --- [main] o.apache.catalina.core.StandardEngine    : Starting Servlet engine: [Apache Tomcat/10.1.1]
2023-11-21T20:48:18.372+04:00  INFO 10392 --- [main] o.a.c.c.C.[Tomcat].[localhost].[/]       : Initializing Spring embedded WebApplicationContext
2023-11-21T20:48:18.373+04:00  INFO 10392 --- [main] w.s.c.ServletWebServerApplicationContext : Root WebApplicationContext: initialization completed in 1520 ms
2023-11-21T20:48:18.784+04:00  INFO 10392 --- [main] com.zaxxer.hikari.HikariDataSource       : HikariPool-1 - Starting...
2023-11-21T20:48:19.028+04:00  INFO 10392 --- [main] com.zaxxer.hikari.pool.HikariPool        : HikariPool-1 - Added connection com.mysql.cj.jdbc.ConnectionImpl@67e6eb52
2023-11-21T20:48:19.030+04:00  INFO 10392 --- [main] com.zaxxer.hikari.HikariDataSource       : HikariPool-1 - Start completed.
2023-11-21T20:48:19.096+04:00  INFO 10392 --- [main] SQL dialect                              : HHH000400: Using dialect: org.hibernate.dialect.MySQLDialect
2023-11-21T20:48:20.005+04:00  INFO 10392 --- [main] j.LocalContainerEntityManagerFactoryBean : Initialized JPA EntityManagerFactory for persistence unit 'default'
2023-11-21T20:48:20.474+04:00  WARN 10392 --- [main] JpaBaseConfiguration$JpaWebConfiguration : spring.jpa.open-in-view is enabled by default. Therefore, database queries may be performed during view rendering. Explicitly configure spring.jpa.open-in-view to disable this warning
2023-11-21T20:48:20.782+04:00  INFO 10392 --- [main] o.s.b.w.embedded.tomcat.TomcatWebServer  : Tomcat started on port(s): 8090 (http) with context path ''
2023-11-21T20:48:20.795+04:00  INFO 10392 --- [main] az.spring.notehub.NotehubApplication     : Started NotehubApplication in 4.594 seconds (process running for 5.337)
2023-11-21T20:49:00.005+04:00  INFO 10392 --- [scheduling-1] a.s.n.service.AutomaticReminderService   : Inside automaticReminderCheck : 
2023-11-21T20:51:33.937+04:00  INFO 10392 --- [SpringApplicationShutdownHook] j.LocalContainerEntityManagerFactoryBean : Closing JPA EntityManagerFactory for persistence unit 'default'
2023-11-21T20:51:33.939+04:00  INFO 10392 --- [SpringApplicationShutdownHook] com.zaxxer.hikari.HikariDataSource       : HikariPool-1 - Shutdown initiated...
2023-11-21T20:51:33.947+04:00  INFO 10392 --- [SpringApplicationShutdownHook] com.zaxxer.hikari.HikariDataSource       : HikariPool-1 - Shutdown completed.
2023-11-21T20:51:50.359+04:00  INFO 3860 --- [main] az.spring.notehub.NotehubApplication     : Starting NotehubApplication using Java 19.0.2 with PID 3860 (C:\Users\User\Desktop\notehub\target\classes started by User in C:\Users\User\Desktop\notehub)
2023-11-21T20:51:50.361+04:00  INFO 3860 --- [main] az.spring.notehub.NotehubApplication     : No active profile set, falling back to 1 default profile: "default"
2023-11-21T20:51:51.027+04:00  INFO 3860 --- [main] .s.d.r.c.RepositoryConfigurationDelegate : Bootstrapping Spring Data JPA repositories in DEFAULT mode.
2023-11-21T20:51:51.102+04:00  INFO 3860 --- [main] .s.d.r.c.RepositoryConfigurationDelegate : Finished Spring Data repository scanning in 61 ms. Found 5 JPA repository interfaces.
2023-11-21T20:51:51.553+04:00  INFO 3860 --- [main] o.s.b.w.embedded.tomcat.TomcatWebServer  : Tomcat initialized with port(s): 8090 (http)
2023-11-21T20:51:51.563+04:00  INFO 3860 --- [main] o.apache.catalina.core.StandardService   : Starting service [Tomcat]
2023-11-21T20:51:51.564+04:00  INFO 3860 --- [main] o.apache.catalina.core.StandardEngine    : Starting Servlet engine: [Apache Tomcat/10.1.1]
2023-11-21T20:51:51.647+04:00  INFO 3860 --- [main] o.a.c.c.C.[Tomcat].[localhost].[/]       : Initializing Spring embedded WebApplicationContext
2023-11-21T20:51:51.648+04:00  INFO 3860 --- [main] w.s.c.ServletWebServerApplicationContext : Root WebApplicationContext: initialization completed in 1237 ms
2023-11-21T20:51:52.071+04:00  INFO 3860 --- [main] com.zaxxer.hikari.HikariDataSource       : HikariPool-1 - Starting...
2023-11-21T20:51:52.335+04:00  INFO 3860 --- [main] com.zaxxer.hikari.pool.HikariPool        : HikariPool-1 - Added connection com.mysql.cj.jdbc.ConnectionImpl@67e6eb52
2023-11-21T20:51:52.337+04:00  INFO 3860 --- [main] com.zaxxer.hikari.HikariDataSource       : HikariPool-1 - Start completed.
2023-11-21T20:51:52.398+04:00  INFO 3860 --- [main] SQL dialect                              : HHH000400: Using dialect: org.hibernate.dialect.MySQLDialect
2023-11-21T20:51:53.272+04:00  INFO 3860 --- [main] j.LocalContainerEntityManagerFactoryBean : Initialized JPA EntityManagerFactory for persistence unit 'default'
2023-11-21T20:51:53.687+04:00  WARN 3860 --- [main] JpaBaseConfiguration$JpaWebConfiguration : spring.jpa.open-in-view is enabled by default. Therefore, database queries may be performed during view rendering. Explicitly configure spring.jpa.open-in-view to disable this warning
2023-11-21T20:51:54.004+04:00  INFO 3860 --- [main] o.s.b.w.embedded.tomcat.TomcatWebServer  : Tomcat started on port(s): 8090 (http) with context path ''
2023-11-21T20:51:54.015+04:00  INFO 3860 --- [main] az.spring.notehub.NotehubApplication     : Started NotehubApplication in 4.199 seconds (process running for 4.886)
2023-11-21T20:52:00.014+04:00  INFO 3860 --- [scheduling-1] a.s.n.service.AutomaticReminderService   : Inside automaticReminderCheck : 
2023-11-21T20:52:19.390+04:00  INFO 3860 --- [SpringApplicationShutdownHook] j.LocalContainerEntityManagerFactoryBean : Closing JPA EntityManagerFactory for persistence unit 'default'
2023-11-21T20:52:19.390+04:00  INFO 3860 --- [SpringApplicationShutdownHook] com.zaxxer.hikari.HikariDataSource       : HikariPool-1 - Shutdown initiated...
2023-11-21T20:52:19.410+04:00  INFO 3860 --- [SpringApplicationShutdownHook] com.zaxxer.hikari.HikariDataSource       : HikariPool-1 - Shutdown completed.
2023-11-21T21:07:29.225+04:00  INFO 12020 --- [main] az.spring.notehub.NotehubApplication     : Starting NotehubApplication using Java 19.0.2 with PID 12020 (C:\Users\User\Desktop\notehub\target\classes started by User in C:\Users\User\Desktop\notehub)
2023-11-21T21:07:29.227+04:00  INFO 12020 --- [main] az.spring.notehub.NotehubApplication     : No active profile set, falling back to 1 default profile: "default"
2023-11-21T21:07:30.029+04:00  INFO 12020 --- [main] .s.d.r.c.RepositoryConfigurationDelegate : Bootstrapping Spring Data JPA repositories in DEFAULT mode.
2023-11-21T21:07:30.141+04:00  INFO 12020 --- [main] .s.d.r.c.RepositoryConfigurationDelegate : Finished Spring Data repository scanning in 94 ms. Found 5 JPA repository interfaces.
2023-11-21T21:07:30.765+04:00  INFO 12020 --- [main] o.s.b.w.embedded.tomcat.TomcatWebServer  : Tomcat initialized with port(s): 8090 (http)
2023-11-21T21:07:30.776+04:00  INFO 12020 --- [main] o.apache.catalina.core.StandardService   : Starting service [Tomcat]
2023-11-21T21:07:30.777+04:00  INFO 12020 --- [main] o.apache.catalina.core.StandardEngine    : Starting Servlet engine: [Apache Tomcat/10.1.1]
2023-11-21T21:07:30.864+04:00  INFO 12020 --- [main] o.a.c.c.C.[Tomcat].[localhost].[/]       : Initializing Spring embedded WebApplicationContext
2023-11-21T21:07:30.865+04:00  INFO 12020 --- [main] w.s.c.ServletWebServerApplicationContext : Root WebApplicationContext: initialization completed in 1576 ms
2023-11-21T21:07:31.332+04:00  INFO 12020 --- [main] com.zaxxer.hikari.HikariDataSource       : HikariPool-1 - Starting...
2023-11-21T21:07:31.648+04:00  INFO 12020 --- [main] com.zaxxer.hikari.pool.HikariPool        : HikariPool-1 - Added connection com.mysql.cj.jdbc.ConnectionImpl@6326c5ec
2023-11-21T21:07:31.650+04:00  INFO 12020 --- [main] com.zaxxer.hikari.HikariDataSource       : HikariPool-1 - Start completed.
2023-11-21T21:07:31.704+04:00  INFO 12020 --- [main] SQL dialect                              : HHH000400: Using dialect: org.hibernate.dialect.MySQLDialect
2023-11-21T21:07:32.811+04:00  INFO 12020 --- [main] j.LocalContainerEntityManagerFactoryBean : Initialized JPA EntityManagerFactory for persistence unit 'default'
2023-11-21T21:07:33.340+04:00  WARN 12020 --- [main] JpaBaseConfiguration$JpaWebConfiguration : spring.jpa.open-in-view is enabled by default. Therefore, database queries may be performed during view rendering. Explicitly configure spring.jpa.open-in-view to disable this warning
2023-11-21T21:07:33.697+04:00  INFO 12020 --- [main] o.s.b.w.embedded.tomcat.TomcatWebServer  : Tomcat started on port(s): 8090 (http) with context path ''
2023-11-21T21:07:33.708+04:00  INFO 12020 --- [main] az.spring.notehub.NotehubApplication     : Started NotehubApplication in 5.085 seconds (process running for 5.839)
2023-11-21T21:09:00.010+04:00  INFO 12020 --- [scheduling-1] a.s.n.service.AutomaticReminderService   : Inside automaticReminderCheck : 
2023-11-21T21:09:20.591+04:00  INFO 12020 --- [SpringApplicationShutdownHook] j.LocalContainerEntityManagerFactoryBean : Closing JPA EntityManagerFactory for persistence unit 'default'
2023-11-21T21:09:20.593+04:00  INFO 12020 --- [SpringApplicationShutdownHook] com.zaxxer.hikari.HikariDataSource       : HikariPool-1 - Shutdown initiated...
2023-11-21T21:09:20.601+04:00  INFO 12020 --- [SpringApplicationShutdownHook] com.zaxxer.hikari.HikariDataSource       : HikariPool-1 - Shutdown completed.
2023-11-21T21:16:15.120+04:00  INFO 14156 --- [main] az.spring.notehub.NotehubApplication     : Starting NotehubApplication using Java 19.0.2 with PID 14156 (C:\Users\User\Desktop\notehub\target\classes started by User in C:\Users\User\Desktop\notehub)
2023-11-21T21:16:15.122+04:00  INFO 14156 --- [main] az.spring.notehub.NotehubApplication     : No active profile set, falling back to 1 default profile: "default"
2023-11-21T21:16:15.763+04:00  INFO 14156 --- [main] .s.d.r.c.RepositoryConfigurationDelegate : Bootstrapping Spring Data JPA repositories in DEFAULT mode.
2023-11-21T21:16:15.835+04:00  INFO 14156 --- [main] .s.d.r.c.RepositoryConfigurationDelegate : Finished Spring Data repository scanning in 66 ms. Found 5 JPA repository interfaces.
2023-11-21T21:16:16.308+04:00  INFO 14156 --- [main] o.s.b.w.embedded.tomcat.TomcatWebServer  : Tomcat initialized with port(s): 8090 (http)
2023-11-21T21:16:16.321+04:00  INFO 14156 --- [main] o.apache.catalina.core.StandardService   : Starting service [Tomcat]
2023-11-21T21:16:16.321+04:00  INFO 14156 --- [main] o.apache.catalina.core.StandardEngine    : Starting Servlet engine: [Apache Tomcat/10.1.1]
2023-11-21T21:16:16.393+04:00  INFO 14156 --- [main] o.a.c.c.C.[Tomcat].[localhost].[/]       : Initializing Spring embedded WebApplicationContext
2023-11-21T21:16:16.393+04:00  INFO 14156 --- [main] w.s.c.ServletWebServerApplicationContext : Root WebApplicationContext: initialization completed in 1221 ms
2023-11-21T21:16:16.793+04:00  INFO 14156 --- [main] com.zaxxer.hikari.HikariDataSource       : HikariPool-1 - Starting...
2023-11-21T21:16:17.043+04:00  INFO 14156 --- [main] com.zaxxer.hikari.pool.HikariPool        : HikariPool-1 - Added connection com.mysql.cj.jdbc.ConnectionImpl@c318864
2023-11-21T21:16:17.046+04:00  INFO 14156 --- [main] com.zaxxer.hikari.HikariDataSource       : HikariPool-1 - Start completed.
2023-11-21T21:16:17.099+04:00  INFO 14156 --- [main] SQL dialect                              : HHH000400: Using dialect: org.hibernate.dialect.MySQLDialect
2023-11-21T21:16:17.946+04:00  INFO 14156 --- [main] j.LocalContainerEntityManagerFactoryBean : Initialized JPA EntityManagerFactory for persistence unit 'default'
2023-11-21T21:16:18.394+04:00  WARN 14156 --- [main] JpaBaseConfiguration$JpaWebConfiguration : spring.jpa.open-in-view is enabled by default. Therefore, database queries may be performed during view rendering. Explicitly configure spring.jpa.open-in-view to disable this warning
2023-11-21T21:16:18.697+04:00  INFO 14156 --- [main] o.s.b.w.embedded.tomcat.TomcatWebServer  : Tomcat started on port(s): 8090 (http) with context path ''
2023-11-21T21:16:18.707+04:00  INFO 14156 --- [main] az.spring.notehub.NotehubApplication     : Started NotehubApplication in 4.114 seconds (process running for 4.792)
2023-11-21T21:17:00.012+04:00  INFO 14156 --- [scheduling-1] a.s.n.service.AutomaticReminderService   : Inside automaticReminderCheck : 
2023-11-21T21:17:32.565+04:00  INFO 14156 --- [SpringApplicationShutdownHook] j.LocalContainerEntityManagerFactoryBean : Closing JPA EntityManagerFactory for persistence unit 'default'
2023-11-21T21:17:32.565+04:00  INFO 14156 --- [SpringApplicationShutdownHook] com.zaxxer.hikari.HikariDataSource       : HikariPool-1 - Shutdown initiated...
2023-11-21T21:17:32.571+04:00  INFO 14156 --- [SpringApplicationShutdownHook] com.zaxxer.hikari.HikariDataSource       : HikariPool-1 - Shutdown completed.
2023-11-21T21:18:03.480+04:00  INFO 11608 --- [main] az.spring.notehub.NotehubApplication     : Starting NotehubApplication using Java 19.0.2 with PID 11608 (C:\Users\User\Desktop\notehub\target\classes started by User in C:\Users\User\Desktop\notehub)
2023-11-21T21:18:03.482+04:00  INFO 11608 --- [main] az.spring.notehub.NotehubApplication     : No active profile set, falling back to 1 default profile: "default"
2023-11-21T21:18:04.294+04:00  INFO 11608 --- [main] .s.d.r.c.RepositoryConfigurationDelegate : Bootstrapping Spring Data JPA repositories in DEFAULT mode.
2023-11-21T21:18:04.380+04:00  INFO 11608 --- [main] .s.d.r.c.RepositoryConfigurationDelegate : Finished Spring Data repository scanning in 76 ms. Found 5 JPA repository interfaces.
2023-11-21T21:18:04.842+04:00  INFO 11608 --- [main] o.s.b.w.embedded.tomcat.TomcatWebServer  : Tomcat initialized with port(s): 8090 (http)
2023-11-21T21:18:04.949+04:00  INFO 11608 --- [main] w.s.c.ServletWebServerApplicationContext : Root WebApplicationContext: initialization completed in 1407 ms
2023-11-21T21:18:05.441+04:00  INFO 11608 --- [main] com.zaxxer.hikari.HikariDataSource       : HikariPool-1 - Starting...
2023-11-21T21:18:05.707+04:00  INFO 11608 --- [main] com.zaxxer.hikari.pool.HikariPool        : HikariPool-1 - Added connection com.mysql.cj.jdbc.ConnectionImpl@5731caaf
2023-11-21T21:18:05.709+04:00  INFO 11608 --- [main] com.zaxxer.hikari.HikariDataSource       : HikariPool-1 - Start completed.
2023-11-21T21:18:05.768+04:00  INFO 11608 --- [main] SQL dialect                              : HHH000400: Using dialect: org.hibernate.dialect.MySQLDialect
2023-11-21T21:18:06.740+04:00  INFO 11608 --- [main] j.LocalContainerEntityManagerFactoryBean : Initialized JPA EntityManagerFactory for persistence unit 'default'
2023-11-21T21:18:07.334+04:00  WARN 11608 --- [main] JpaBaseConfiguration$JpaWebConfiguration : spring.jpa.open-in-view is enabled by default. Therefore, database queries may be performed during view rendering. Explicitly configure spring.jpa.open-in-view to disable this warning
2023-11-21T21:18:07.779+04:00  INFO 11608 --- [main] o.s.b.w.embedded.tomcat.TomcatWebServer  : Tomcat started on port(s): 8090 (http) with context path ''
2023-11-21T21:18:07.793+04:00  INFO 11608 --- [main] az.spring.notehub.NotehubApplication     : Started NotehubApplication in 4.896 seconds (process running for 5.591)
2023-11-21T21:18:07.819+04:00  INFO 11608 --- [SpringApplicationShutdownHook] j.LocalContainerEntityManagerFactoryBean : Closing JPA EntityManagerFactory for persistence unit 'default'
2023-11-21T21:18:07.821+04:00  INFO 11608 --- [SpringApplicationShutdownHook] com.zaxxer.hikari.HikariDataSource       : HikariPool-1 - Shutdown initiated...
2023-11-21T21:18:07.837+04:00  INFO 11608 --- [SpringApplicationShutdownHook] com.zaxxer.hikari.HikariDataSource       : HikariPool-1 - Shutdown completed.
2023-11-21T21:18:13.698+04:00  INFO 17532 --- [main] az.spring.notehub.NotehubApplication     : Starting NotehubApplication using Java 19.0.2 with PID 17532 (C:\Users\User\Desktop\notehub\target\classes started by User in C:\Users\User\Desktop\notehub)
2023-11-21T21:18:13.701+04:00  INFO 17532 --- [main] az.spring.notehub.NotehubApplication     : No active profile set, falling back to 1 default profile: "default"
2023-11-21T21:18:14.378+04:00  INFO 17532 --- [main] .s.d.r.c.RepositoryConfigurationDelegate : Bootstrapping Spring Data JPA repositories in DEFAULT mode.
2023-11-21T21:18:14.460+04:00  INFO 17532 --- [main] .s.d.r.c.RepositoryConfigurationDelegate : Finished Spring Data repository scanning in 75 ms. Found 5 JPA repository interfaces.
2023-11-21T21:18:14.927+04:00  INFO 17532 --- [main] o.s.b.w.embedded.tomcat.TomcatWebServer  : Tomcat initialized with port(s): 8090 (http)
2023-11-21T21:18:14.939+04:00  INFO 17532 --- [main] o.apache.catalina.core.StandardService   : Starting service [Tomcat]
2023-11-21T21:18:14.939+04:00  INFO 17532 --- [main] o.apache.catalina.core.StandardEngine    : Starting Servlet engine: [Apache Tomcat/10.1.1]
2023-11-21T21:18:15.022+04:00  INFO 17532 --- [main] o.a.c.c.C.[Tomcat].[localhost].[/]       : Initializing Spring embedded WebApplicationContext
2023-11-21T21:18:15.022+04:00  INFO 17532 --- [main] w.s.c.ServletWebServerApplicationContext : Root WebApplicationContext: initialization completed in 1262 ms
2023-11-21T21:18:15.450+04:00  INFO 17532 --- [main] com.zaxxer.hikari.HikariDataSource       : HikariPool-1 - Starting...
2023-11-21T21:18:15.735+04:00  INFO 17532 --- [main] com.zaxxer.hikari.pool.HikariPool        : HikariPool-1 - Added connection com.mysql.cj.jdbc.ConnectionImpl@5731caaf
2023-11-21T21:18:15.739+04:00  INFO 17532 --- [main] com.zaxxer.hikari.HikariDataSource       : HikariPool-1 - Start completed.
2023-11-21T21:18:15.805+04:00  INFO 17532 --- [main] SQL dialect                              : HHH000400: Using dialect: org.hibernate.dialect.MySQLDialect
2023-11-21T21:18:16.799+04:00  INFO 17532 --- [main] j.LocalContainerEntityManagerFactoryBean : Initialized JPA EntityManagerFactory for persistence unit 'default'
2023-11-21T21:18:17.285+04:00  WARN 17532 --- [main] JpaBaseConfiguration$JpaWebConfiguration : spring.jpa.open-in-view is enabled by default. Therefore, database queries may be performed during view rendering. Explicitly configure spring.jpa.open-in-view to disable this warning
2023-11-21T21:18:17.635+04:00  INFO 17532 --- [main] o.s.b.w.embedded.tomcat.TomcatWebServer  : Tomcat started on port(s): 8090 (http) with context path ''
2023-11-21T21:18:17.647+04:00  INFO 17532 --- [main] az.spring.notehub.NotehubApplication     : Started NotehubApplication in 4.554 seconds (process running for 5.298)
2023-11-21T21:19:00.005+04:00  INFO 17532 --- [scheduling-1] a.s.n.service.AutomaticReminderService   : Inside automaticReminderCheck : 
2023-11-21T21:19:37.244+04:00  INFO 17532 --- [SpringApplicationShutdownHook] j.LocalContainerEntityManagerFactoryBean : Closing JPA EntityManagerFactory for persistence unit 'default'
2023-11-21T21:19:37.244+04:00  INFO 17532 --- [SpringApplicationShutdownHook] com.zaxxer.hikari.HikariDataSource       : HikariPool-1 - Shutdown initiated...
2023-11-21T21:19:37.253+04:00  INFO 17532 --- [SpringApplicationShutdownHook] com.zaxxer.hikari.HikariDataSource       : HikariPool-1 - Shutdown completed.
2023-11-21T21:21:41.030+04:00  INFO 14456 --- [main] az.spring.notehub.NotehubApplication     : Starting NotehubApplication using Java 19.0.2 with PID 14456 (C:\Users\User\Desktop\notehub\target\classes started by User in C:\Users\User\Desktop\notehub)
2023-11-21T21:21:41.032+04:00  INFO 14456 --- [main] az.spring.notehub.NotehubApplication     : No active profile set, falling back to 1 default profile: "default"
2023-11-21T21:21:41.655+04:00  INFO 14456 --- [main] .s.d.r.c.RepositoryConfigurationDelegate : Bootstrapping Spring Data JPA repositories in DEFAULT mode.
2023-11-21T21:21:41.726+04:00  INFO 14456 --- [main] .s.d.r.c.RepositoryConfigurationDelegate : Finished Spring Data repository scanning in 65 ms. Found 5 JPA repository interfaces.
2023-11-21T21:21:42.154+04:00  INFO 14456 --- [main] o.s.b.w.embedded.tomcat.TomcatWebServer  : Tomcat initialized with port(s): 8090 (http)
2023-11-21T21:21:42.164+04:00  INFO 14456 --- [main] o.apache.catalina.core.StandardService   : Starting service [Tomcat]
2023-11-21T21:21:42.164+04:00  INFO 14456 --- [main] o.apache.catalina.core.StandardEngine    : Starting Servlet engine: [Apache Tomcat/10.1.1]
2023-11-21T21:21:42.246+04:00  INFO 14456 --- [main] o.a.c.c.C.[Tomcat].[localhost].[/]       : Initializing Spring embedded WebApplicationContext
2023-11-21T21:21:42.247+04:00  INFO 14456 --- [main] w.s.c.ServletWebServerApplicationContext : Root WebApplicationContext: initialization completed in 1166 ms
2023-11-21T21:21:42.664+04:00  INFO 14456 --- [main] com.zaxxer.hikari.HikariDataSource       : HikariPool-1 - Starting...
2023-11-21T21:21:42.922+04:00  INFO 14456 --- [main] com.zaxxer.hikari.pool.HikariPool        : HikariPool-1 - Added connection com.mysql.cj.jdbc.ConnectionImpl@62108cd3
2023-11-21T21:21:42.924+04:00  INFO 14456 --- [main] com.zaxxer.hikari.HikariDataSource       : HikariPool-1 - Start completed.
2023-11-21T21:21:42.977+04:00  INFO 14456 --- [main] SQL dialect                              : HHH000400: Using dialect: org.hibernate.dialect.MySQLDialect
2023-11-21T21:21:43.817+04:00  INFO 14456 --- [main] j.LocalContainerEntityManagerFactoryBean : Initialized JPA EntityManagerFactory for persistence unit 'default'
2023-11-21T21:21:44.252+04:00  WARN 14456 --- [main] JpaBaseConfiguration$JpaWebConfiguration : spring.jpa.open-in-view is enabled by default. Therefore, database queries may be performed during view rendering. Explicitly configure spring.jpa.open-in-view to disable this warning
2023-11-21T21:21:44.567+04:00  INFO 14456 --- [main] o.s.b.w.embedded.tomcat.TomcatWebServer  : Tomcat started on port(s): 8090 (http) with context path ''
2023-11-21T21:21:44.590+04:00  INFO 14456 --- [main] az.spring.notehub.NotehubApplication     : Started NotehubApplication in 4.103 seconds (process running for 4.773)
2023-11-21T21:22:00.022+04:00  INFO 14456 --- [scheduling-1] a.s.n.service.AutomaticReminderService   : Inside automaticReminderCheck : 
2023-11-21T21:22:34.436+04:00  INFO 14456 --- [SpringApplicationShutdownHook] j.LocalContainerEntityManagerFactoryBean : Closing JPA EntityManagerFactory for persistence unit 'default'
2023-11-21T21:22:34.440+04:00  INFO 14456 --- [SpringApplicationShutdownHook] com.zaxxer.hikari.HikariDataSource       : HikariPool-1 - Shutdown initiated...
2023-11-21T21:22:34.448+04:00  INFO 14456 --- [SpringApplicationShutdownHook] com.zaxxer.hikari.HikariDataSource       : HikariPool-1 - Shutdown completed.
2023-11-21T21:28:47.886+04:00  INFO 16628 --- [main] az.spring.notehub.NotehubApplication     : Starting NotehubApplication using Java 19.0.2 with PID 16628 (C:\Users\User\Desktop\notehub\target\classes started by User in C:\Users\User\Desktop\notehub)
2023-11-21T21:28:47.888+04:00  INFO 16628 --- [main] az.spring.notehub.NotehubApplication     : No active profile set, falling back to 1 default profile: "default"
2023-11-21T21:28:48.520+04:00  INFO 16628 --- [main] .s.d.r.c.RepositoryConfigurationDelegate : Bootstrapping Spring Data JPA repositories in DEFAULT mode.
2023-11-21T21:28:48.594+04:00  INFO 16628 --- [main] .s.d.r.c.RepositoryConfigurationDelegate : Finished Spring Data repository scanning in 68 ms. Found 5 JPA repository interfaces.
2023-11-21T21:28:49.002+04:00  INFO 16628 --- [main] o.s.b.w.embedded.tomcat.TomcatWebServer  : Tomcat initialized with port(s): 8090 (http)
2023-11-21T21:28:49.011+04:00  INFO 16628 --- [main] o.apache.catalina.core.StandardService   : Starting service [Tomcat]
2023-11-21T21:28:49.011+04:00  INFO 16628 --- [main] o.apache.catalina.core.StandardEngine    : Starting Servlet engine: [Apache Tomcat/10.1.1]
2023-11-21T21:28:49.083+04:00  INFO 16628 --- [main] o.a.c.c.C.[Tomcat].[localhost].[/]       : Initializing Spring embedded WebApplicationContext
2023-11-21T21:28:49.084+04:00  INFO 16628 --- [main] w.s.c.ServletWebServerApplicationContext : Root WebApplicationContext: initialization completed in 1140 ms
2023-11-21T21:28:49.465+04:00  INFO 16628 --- [main] com.zaxxer.hikari.HikariDataSource       : HikariPool-1 - Starting...
2023-11-21T21:28:49.721+04:00  INFO 16628 --- [main] com.zaxxer.hikari.pool.HikariPool        : HikariPool-1 - Added connection com.mysql.cj.jdbc.ConnectionImpl@45796b2a
2023-11-21T21:28:49.723+04:00  INFO 16628 --- [main] com.zaxxer.hikari.HikariDataSource       : HikariPool-1 - Start completed.
2023-11-21T21:28:49.779+04:00  INFO 16628 --- [main] SQL dialect                              : HHH000400: Using dialect: org.hibernate.dialect.MySQLDialect
2023-11-21T21:28:50.615+04:00  INFO 16628 --- [main] j.LocalContainerEntityManagerFactoryBean : Initialized JPA EntityManagerFactory for persistence unit 'default'
2023-11-21T21:28:51.040+04:00  WARN 16628 --- [main] JpaBaseConfiguration$JpaWebConfiguration : spring.jpa.open-in-view is enabled by default. Therefore, database queries may be performed during view rendering. Explicitly configure spring.jpa.open-in-view to disable this warning
2023-11-21T21:28:51.344+04:00  INFO 16628 --- [main] o.s.b.w.embedded.tomcat.TomcatWebServer  : Tomcat started on port(s): 8090 (http) with context path ''
2023-11-21T21:28:51.354+04:00  INFO 16628 --- [main] az.spring.notehub.NotehubApplication     : Started NotehubApplication in 4.025 seconds (process running for 4.705)
2023-11-21T21:29:00.002+04:00  INFO 16628 --- [scheduling-1] a.s.n.service.AutomaticReminderService   : Inside automaticReminderCheck : 
2023-11-21T21:29:15.547+04:00  INFO 16628 --- [SpringApplicationShutdownHook] j.LocalContainerEntityManagerFactoryBean : Closing JPA EntityManagerFactory for persistence unit 'default'
2023-11-21T21:29:15.547+04:00  INFO 16628 --- [SpringApplicationShutdownHook] com.zaxxer.hikari.HikariDataSource       : HikariPool-1 - Shutdown initiated...
2023-11-21T21:29:15.558+04:00  INFO 16628 --- [SpringApplicationShutdownHook] com.zaxxer.hikari.HikariDataSource       : HikariPool-1 - Shutdown completed.
2023-11-21T21:33:57.451+04:00  INFO 17404 --- [main] az.spring.notehub.NotehubApplication     : Starting NotehubApplication using Java 19.0.2 with PID 17404 (C:\Users\User\Desktop\notehub\target\classes started by User in C:\Users\User\Desktop\notehub)
2023-11-21T21:33:57.455+04:00  INFO 17404 --- [main] az.spring.notehub.NotehubApplication     : No active profile set, falling back to 1 default profile: "default"
2023-11-21T21:33:58.096+04:00  INFO 17404 --- [main] .s.d.r.c.RepositoryConfigurationDelegate : Bootstrapping Spring Data JPA repositories in DEFAULT mode.
2023-11-21T21:33:58.175+04:00  INFO 17404 --- [main] .s.d.r.c.RepositoryConfigurationDelegate : Finished Spring Data repository scanning in 70 ms. Found 5 JPA repository interfaces.
2023-11-21T21:33:58.590+04:00  INFO 17404 --- [main] o.s.b.w.embedded.tomcat.TomcatWebServer  : Tomcat initialized with port(s): 8090 (http)
2023-11-21T21:33:58.599+04:00  INFO 17404 --- [main] o.apache.catalina.core.StandardService   : Starting service [Tomcat]
2023-11-21T21:33:58.600+04:00  INFO 17404 --- [main] o.apache.catalina.core.StandardEngine    : Starting Servlet engine: [Apache Tomcat/10.1.1]
2023-11-21T21:33:58.668+04:00  INFO 17404 --- [main] o.a.c.c.C.[Tomcat].[localhost].[/]       : Initializing Spring embedded WebApplicationContext
2023-11-21T21:33:58.669+04:00  INFO 17404 --- [main] w.s.c.ServletWebServerApplicationContext : Root WebApplicationContext: initialization completed in 1160 ms
2023-11-21T21:33:59.058+04:00  INFO 17404 --- [main] com.zaxxer.hikari.HikariDataSource       : HikariPool-1 - Starting...
2023-11-21T21:33:59.301+04:00  INFO 17404 --- [main] com.zaxxer.hikari.pool.HikariPool        : HikariPool-1 - Added connection com.mysql.cj.jdbc.ConnectionImpl@eded048
2023-11-21T21:33:59.302+04:00  INFO 17404 --- [main] com.zaxxer.hikari.HikariDataSource       : HikariPool-1 - Start completed.
2023-11-21T21:33:59.361+04:00  INFO 17404 --- [main] SQL dialect                              : HHH000400: Using dialect: org.hibernate.dialect.MySQLDialect
2023-11-21T21:34:00.206+04:00  INFO 17404 --- [main] j.LocalContainerEntityManagerFactoryBean : Initialized JPA EntityManagerFactory for persistence unit 'default'
2023-11-21T21:34:00.654+04:00  WARN 17404 --- [main] JpaBaseConfiguration$JpaWebConfiguration : spring.jpa.open-in-view is enabled by default. Therefore, database queries may be performed during view rendering. Explicitly configure spring.jpa.open-in-view to disable this warning
2023-11-21T21:34:00.975+04:00  INFO 17404 --- [main] o.s.b.w.embedded.tomcat.TomcatWebServer  : Tomcat started on port(s): 8090 (http) with context path ''
2023-11-21T21:34:00.987+04:00  INFO 17404 --- [main] az.spring.notehub.NotehubApplication     : Started NotehubApplication in 4.073 seconds (process running for 4.726)
2023-11-21T21:35:00.014+04:00  INFO 17404 --- [scheduling-1] a.s.n.service.AutomaticReminderService   : Inside automaticReminderCheck : 
2023-11-21T21:36:06.964+04:00  INFO 17404 --- [SpringApplicationShutdownHook] j.LocalContainerEntityManagerFactoryBean : Closing JPA EntityManagerFactory for persistence unit 'default'
2023-11-21T21:36:06.966+04:00  INFO 17404 --- [SpringApplicationShutdownHook] com.zaxxer.hikari.HikariDataSource       : HikariPool-1 - Shutdown initiated...
2023-11-21T21:36:06.974+04:00  INFO 17404 --- [SpringApplicationShutdownHook] com.zaxxer.hikari.HikariDataSource       : HikariPool-1 - Shutdown completed.
2023-11-21T21:36:11.628+04:00  INFO 9332 --- [main] az.spring.notehub.NotehubApplication     : Starting NotehubApplication using Java 19.0.2 with PID 9332 (C:\Users\User\Desktop\notehub\target\classes started by User in C:\Users\User\Desktop\notehub)
2023-11-21T21:36:11.631+04:00  INFO 9332 --- [main] az.spring.notehub.NotehubApplication     : No active profile set, falling back to 1 default profile: "default"
2023-11-21T21:36:12.400+04:00  INFO 9332 --- [main] .s.d.r.c.RepositoryConfigurationDelegate : Bootstrapping Spring Data JPA repositories in DEFAULT mode.
2023-11-21T21:36:12.485+04:00  INFO 9332 --- [main] .s.d.r.c.RepositoryConfigurationDelegate : Finished Spring Data repository scanning in 75 ms. Found 5 JPA repository interfaces.
2023-11-21T21:36:13.025+04:00  INFO 9332 --- [main] o.s.b.w.embedded.tomcat.TomcatWebServer  : Tomcat initialized with port(s): 8090 (http)
2023-11-21T21:36:13.035+04:00  INFO 9332 --- [main] o.apache.catalina.core.StandardService   : Starting service [Tomcat]
2023-11-21T21:36:13.035+04:00  INFO 9332 --- [main] o.apache.catalina.core.StandardEngine    : Starting Servlet engine: [Apache Tomcat/10.1.1]
2023-11-21T21:36:13.120+04:00  INFO 9332 --- [main] o.a.c.c.C.[Tomcat].[localhost].[/]       : Initializing Spring embedded WebApplicationContext
2023-11-21T21:36:13.121+04:00  INFO 9332 --- [main] w.s.c.ServletWebServerApplicationContext : Root WebApplicationContext: initialization completed in 1431 ms
2023-11-21T21:36:13.578+04:00  INFO 9332 --- [main] com.zaxxer.hikari.HikariDataSource       : HikariPool-1 - Starting...
2023-11-21T21:36:13.872+04:00  INFO 9332 --- [main] com.zaxxer.hikari.pool.HikariPool        : HikariPool-1 - Added connection com.mysql.cj.jdbc.ConnectionImpl@1a345298
2023-11-21T21:36:13.874+04:00  INFO 9332 --- [main] com.zaxxer.hikari.HikariDataSource       : HikariPool-1 - Start completed.
2023-11-21T21:36:13.929+04:00  INFO 9332 --- [main] SQL dialect                              : HHH000400: Using dialect: org.hibernate.dialect.MySQLDialect
2023-11-21T21:36:14.997+04:00  INFO 9332 --- [main] j.LocalContainerEntityManagerFactoryBean : Initialized JPA EntityManagerFactory for persistence unit 'default'
2023-11-21T21:36:15.484+04:00  WARN 9332 --- [main] JpaBaseConfiguration$JpaWebConfiguration : spring.jpa.open-in-view is enabled by default. Therefore, database queries may be performed during view rendering. Explicitly configure spring.jpa.open-in-view to disable this warning
2023-11-21T21:36:15.906+04:00  INFO 9332 --- [main] o.s.b.w.embedded.tomcat.TomcatWebServer  : Tomcat started on port(s): 8090 (http) with context path ''
2023-11-21T21:36:15.919+04:00  INFO 9332 --- [main] az.spring.notehub.NotehubApplication     : Started NotehubApplication in 4.866 seconds (process running for 5.569)
2023-11-21T21:37:00.007+04:00  INFO 9332 --- [scheduling-1] a.s.n.service.AutomaticReminderService   : Inside automaticReminderCheck : 
2023-11-21T21:37:32.687+04:00  INFO 9332 --- [SpringApplicationShutdownHook] j.LocalContainerEntityManagerFactoryBean : Closing JPA EntityManagerFactory for persistence unit 'default'
2023-11-21T21:37:32.689+04:00  INFO 9332 --- [SpringApplicationShutdownHook] com.zaxxer.hikari.HikariDataSource       : HikariPool-1 - Shutdown initiated...
2023-11-21T21:37:32.695+04:00  INFO 9332 --- [SpringApplicationShutdownHook] com.zaxxer.hikari.HikariDataSource       : HikariPool-1 - Shutdown completed.
2023-11-21T21:42:27.559+04:00  INFO 19128 --- [main] az.spring.notehub.NotehubApplication     : Starting NotehubApplication using Java 19.0.2 with PID 19128 (C:\Users\User\Desktop\notehub\target\classes started by User in C:\Users\User\Desktop\notehub)
2023-11-21T21:42:27.561+04:00  INFO 19128 --- [main] az.spring.notehub.NotehubApplication     : No active profile set, falling back to 1 default profile: "default"
2023-11-21T21:42:28.196+04:00  INFO 19128 --- [main] .s.d.r.c.RepositoryConfigurationDelegate : Bootstrapping Spring Data JPA repositories in DEFAULT mode.
2023-11-21T21:42:28.260+04:00  INFO 19128 --- [main] .s.d.r.c.RepositoryConfigurationDelegate : Finished Spring Data repository scanning in 57 ms. Found 5 JPA repository interfaces.
2023-11-21T21:42:28.685+04:00  INFO 19128 --- [main] o.s.b.w.embedded.tomcat.TomcatWebServer  : Tomcat initialized with port(s): 8090 (http)
2023-11-21T21:42:28.695+04:00  INFO 19128 --- [main] o.apache.catalina.core.StandardService   : Starting service [Tomcat]
2023-11-21T21:42:28.695+04:00  INFO 19128 --- [main] o.apache.catalina.core.StandardEngine    : Starting Servlet engine: [Apache Tomcat/10.1.1]
2023-11-21T21:42:28.765+04:00  INFO 19128 --- [main] o.a.c.c.C.[Tomcat].[localhost].[/]       : Initializing Spring embedded WebApplicationContext
2023-11-21T21:42:28.766+04:00  INFO 19128 --- [main] w.s.c.ServletWebServerApplicationContext : Root WebApplicationContext: initialization completed in 1154 ms
2023-11-21T21:42:29.151+04:00  INFO 19128 --- [main] com.zaxxer.hikari.HikariDataSource       : HikariPool-1 - Starting...
2023-11-21T21:42:29.396+04:00  INFO 19128 --- [main] com.zaxxer.hikari.pool.HikariPool        : HikariPool-1 - Added connection com.mysql.cj.jdbc.ConnectionImpl@77ab5214
2023-11-21T21:42:29.398+04:00  INFO 19128 --- [main] com.zaxxer.hikari.HikariDataSource       : HikariPool-1 - Start completed.
2023-11-21T21:42:29.453+04:00  INFO 19128 --- [main] SQL dialect                              : HHH000400: Using dialect: org.hibernate.dialect.MySQLDialect
2023-11-21T21:42:30.287+04:00  INFO 19128 --- [main] j.LocalContainerEntityManagerFactoryBean : Initialized JPA EntityManagerFactory for persistence unit 'default'
2023-11-21T21:42:30.720+04:00  WARN 19128 --- [main] JpaBaseConfiguration$JpaWebConfiguration : spring.jpa.open-in-view is enabled by default. Therefore, database queries may be performed during view rendering. Explicitly configure spring.jpa.open-in-view to disable this warning
2023-11-21T21:42:31.071+04:00  INFO 19128 --- [main] o.s.b.w.embedded.tomcat.TomcatWebServer  : Tomcat started on port(s): 8090 (http) with context path ''
2023-11-21T21:42:31.086+04:00  INFO 19128 --- [main] az.spring.notehub.NotehubApplication     : Started NotehubApplication in 4.054 seconds (process running for 4.71)
2023-11-21T21:43:00.008+04:00  INFO 19128 --- [scheduling-1] a.s.n.service.AutomaticReminderService   : Inside automaticReminderCheck : 
2023-11-21T21:43:32.716+04:00  INFO 19128 --- [SpringApplicationShutdownHook] j.LocalContainerEntityManagerFactoryBean : Closing JPA EntityManagerFactory for persistence unit 'default'
2023-11-21T21:43:32.716+04:00  INFO 19128 --- [SpringApplicationShutdownHook] com.zaxxer.hikari.HikariDataSource       : HikariPool-1 - Shutdown initiated...
2023-11-21T21:43:32.727+04:00  INFO 19128 --- [SpringApplicationShutdownHook] com.zaxxer.hikari.HikariDataSource       : HikariPool-1 - Shutdown completed.
2023-11-21T21:45:46.083+04:00  INFO 17008 --- [main] az.spring.notehub.NotehubApplication     : Starting NotehubApplication using Java 19.0.2 with PID 17008 (C:\Users\User\Desktop\notehub\target\classes started by User in C:\Users\User\Desktop\notehub)
2023-11-21T21:45:46.083+04:00  INFO 17008 --- [main] az.spring.notehub.NotehubApplication     : No active profile set, falling back to 1 default profile: "default"
2023-11-21T21:45:47.016+04:00  INFO 17008 --- [main] .s.d.r.c.RepositoryConfigurationDelegate : Bootstrapping Spring Data JPA repositories in DEFAULT mode.
2023-11-21T21:45:47.084+04:00  INFO 17008 --- [main] .s.d.r.c.RepositoryConfigurationDelegate : Finished Spring Data repository scanning in 57 ms. Found 5 JPA repository interfaces.
2023-11-21T21:45:47.592+04:00  INFO 17008 --- [main] o.s.b.w.embedded.tomcat.TomcatWebServer  : Tomcat initialized with port(s): 8090 (http)
2023-11-21T21:45:47.592+04:00  INFO 17008 --- [main] o.apache.catalina.core.StandardService   : Starting service [Tomcat]
2023-11-21T21:45:47.592+04:00  INFO 17008 --- [main] o.apache.catalina.core.StandardEngine    : Starting Servlet engine: [Apache Tomcat/10.1.1]
2023-11-21T21:45:47.687+04:00  INFO 17008 --- [main] o.a.c.c.C.[Tomcat].[localhost].[/]       : Initializing Spring embedded WebApplicationContext
2023-11-21T21:45:47.687+04:00  INFO 17008 --- [main] w.s.c.ServletWebServerApplicationContext : Root WebApplicationContext: initialization completed in 1525 ms
2023-11-21T21:45:48.095+04:00  INFO 17008 --- [main] com.zaxxer.hikari.HikariDataSource       : HikariPool-1 - Starting...
2023-11-21T21:45:48.387+04:00  INFO 17008 --- [main] com.zaxxer.hikari.pool.HikariPool        : HikariPool-1 - Added connection com.mysql.cj.jdbc.ConnectionImpl@138a85d3
2023-11-21T21:45:48.387+04:00  INFO 17008 --- [main] com.zaxxer.hikari.HikariDataSource       : HikariPool-1 - Start completed.
2023-11-21T21:45:48.463+04:00  INFO 17008 --- [main] SQL dialect                              : HHH000400: Using dialect: org.hibernate.dialect.MySQLDialect
2023-11-21T21:45:49.381+04:00  INFO 17008 --- [main] j.LocalContainerEntityManagerFactoryBean : Initialized JPA EntityManagerFactory for persistence unit 'default'
2023-11-21T21:45:49.850+04:00  WARN 17008 --- [main] JpaBaseConfiguration$JpaWebConfiguration : spring.jpa.open-in-view is enabled by default. Therefore, database queries may be performed during view rendering. Explicitly configure spring.jpa.open-in-view to disable this warning
2023-11-21T21:45:50.196+04:00  INFO 17008 --- [main] o.s.b.w.embedded.tomcat.TomcatWebServer  : Tomcat started on port(s): 8090 (http) with context path ''
2023-11-21T21:45:50.212+04:00  INFO 17008 --- [main] az.spring.notehub.NotehubApplication     : Started NotehubApplication in 4.841 seconds (process running for 5.795)
2023-11-21T21:46:00.013+04:00  INFO 17008 --- [scheduling-1] a.s.n.service.AutomaticReminderService   : Inside automaticReminderCheck : 
2023-11-21T21:46:17.010+04:00  INFO 17008 --- [SpringApplicationShutdownHook] j.LocalContainerEntityManagerFactoryBean : Closing JPA EntityManagerFactory for persistence unit 'default'
2023-11-21T21:46:17.013+04:00  INFO 17008 --- [SpringApplicationShutdownHook] com.zaxxer.hikari.HikariDataSource       : HikariPool-1 - Shutdown initiated...
2023-11-21T21:46:17.022+04:00  INFO 17008 --- [SpringApplicationShutdownHook] com.zaxxer.hikari.HikariDataSource       : HikariPool-1 - Shutdown completed.
